2022-01-11 10:35:27,153  INFO [main] BranchSetup:25 - ****************************** Starting test cases execution  *****************************************
2022-01-11 10:35:29,441  INFO [main] BranchSetup:28 - Browser Launched Successfully
2022-01-11 10:35:30,618  INFO [main] BranchSetup:30 - Navigated to specified URL
2022-01-11 10:35:37,559  INFO [main] BranchSetup:44 - Logged in as User and selected Database
2022-01-11 10:36:33,424 DEBUG [main] cache:45 - Couldn't find template in cache for "spark/spark.spa.ftl"("en_IN", UTF-8, parsed); will try to load it.
2022-01-11 10:36:33,425 DEBUG [main] cache:45 - TemplateLoader.findTemplateSource("spark/spark.spa_en_IN.ftl"): Not found
2022-01-11 10:36:33,426 DEBUG [main] cache:45 - TemplateLoader.findTemplateSource("spark/spark.spa_en.ftl"): Not found
2022-01-11 10:36:33,427 DEBUG [main] cache:45 - TemplateLoader.findTemplateSource("spark/spark.spa.ftl"): Found
2022-01-11 10:36:33,427 DEBUG [main] cache:45 - Loading template for "spark/spark.spa.ftl"("en_IN", UTF-8, parsed) from "jar:file:/C:/Users/Azarudeen/.m2/repository/com/aventstack/extentreports/5.0.5/extentreports-5.0.5.jar!/com/aventstack/extentreports/templates/spark/spark.spa.ftl"
2022-01-11 10:36:33,490 DEBUG [main] cache:45 - Couldn't find template in cache for "commons/commons-variables.ftl"("en_IN", UTF-8, parsed); will try to load it.
2022-01-11 10:36:33,491 DEBUG [main] cache:45 - TemplateLoader.findTemplateSource("commons/commons-variables_en_IN.ftl"): Not found
2022-01-11 10:36:33,491 DEBUG [main] cache:45 - TemplateLoader.findTemplateSource("commons/commons-variables_en.ftl"): Not found
2022-01-11 10:36:33,492 DEBUG [main] cache:45 - TemplateLoader.findTemplateSource("commons/commons-variables.ftl"): Found
2022-01-11 10:36:33,492 DEBUG [main] cache:45 - Loading template for "commons/commons-variables.ftl"("en_IN", UTF-8, parsed) from "jar:file:/C:/Users/Azarudeen/.m2/repository/com/aventstack/extentreports/5.0.5/extentreports-5.0.5.jar!/com/aventstack/extentreports/templates/commons/commons-variables.ftl"
2022-01-11 10:36:33,573 DEBUG [main] cache:45 - Couldn't find template in cache for "commons/commons-macros.ftl"("en_IN", UTF-8, parsed); will try to load it.
2022-01-11 10:36:33,573 DEBUG [main] cache:45 - TemplateLoader.findTemplateSource("commons/commons-macros_en_IN.ftl"): Not found
2022-01-11 10:36:33,575 DEBUG [main] cache:45 - TemplateLoader.findTemplateSource("commons/commons-macros_en.ftl"): Not found
2022-01-11 10:36:33,575 DEBUG [main] cache:45 - TemplateLoader.findTemplateSource("commons/commons-macros.ftl"): Found
2022-01-11 10:36:33,575 DEBUG [main] cache:45 - Loading template for "commons/commons-macros.ftl"("en_IN", UTF-8, parsed) from "jar:file:/C:/Users/Azarudeen/.m2/repository/com/aventstack/extentreports/5.0.5/extentreports-5.0.5.jar!/com/aventstack/extentreports/templates/commons/commons-macros.ftl"
2022-01-11 10:36:33,583 DEBUG [main] cache:45 - Couldn't find template in cache for "spark/macros/attributes.ftl"("en_IN", UTF-8, parsed); will try to load it.
2022-01-11 10:36:33,583 DEBUG [main] cache:45 - TemplateLoader.findTemplateSource("spark/macros/attributes_en_IN.ftl"): Not found
2022-01-11 10:36:33,584 DEBUG [main] cache:45 - TemplateLoader.findTemplateSource("spark/macros/attributes_en.ftl"): Not found
2022-01-11 10:36:33,584 DEBUG [main] cache:45 - TemplateLoader.findTemplateSource("spark/macros/attributes.ftl"): Found
2022-01-11 10:36:33,584 DEBUG [main] cache:45 - Loading template for "spark/macros/attributes.ftl"("en_IN", UTF-8, parsed) from "jar:file:/C:/Users/Azarudeen/.m2/repository/com/aventstack/extentreports/5.0.5/extentreports-5.0.5.jar!/com/aventstack/extentreports/templates/spark/macros/attributes.ftl"
2022-01-11 10:36:33,586 DEBUG [main] cache:45 - Couldn't find template in cache for "spark/macros/log.ftl"("en_IN", UTF-8, parsed); will try to load it.
2022-01-11 10:36:33,587 DEBUG [main] cache:45 - TemplateLoader.findTemplateSource("spark/macros/log_en_IN.ftl"): Not found
2022-01-11 10:36:33,587 DEBUG [main] cache:45 - TemplateLoader.findTemplateSource("spark/macros/log_en.ftl"): Not found
2022-01-11 10:36:33,588 DEBUG [main] cache:45 - TemplateLoader.findTemplateSource("spark/macros/log.ftl"): Found
2022-01-11 10:36:33,588 DEBUG [main] cache:45 - Loading template for "spark/macros/log.ftl"("en_IN", UTF-8, parsed) from "jar:file:/C:/Users/Azarudeen/.m2/repository/com/aventstack/extentreports/5.0.5/extentreports-5.0.5.jar!/com/aventstack/extentreports/templates/spark/macros/log.ftl"
2022-01-11 10:36:33,589 DEBUG [main] cache:45 - Couldn't find template in cache for "spark/macros/recurse_nodes.ftl"("en_IN", UTF-8, parsed); will try to load it.
2022-01-11 10:36:33,590 DEBUG [main] cache:45 - TemplateLoader.findTemplateSource("spark/macros/recurse_nodes_en_IN.ftl"): Not found
2022-01-11 10:36:33,590 DEBUG [main] cache:45 - TemplateLoader.findTemplateSource("spark/macros/recurse_nodes_en.ftl"): Not found
2022-01-11 10:36:33,590 DEBUG [main] cache:45 - TemplateLoader.findTemplateSource("spark/macros/recurse_nodes.ftl"): Found
2022-01-11 10:36:33,591 DEBUG [main] cache:45 - Loading template for "spark/macros/recurse_nodes.ftl"("en_IN", UTF-8, parsed) from "jar:file:/C:/Users/Azarudeen/.m2/repository/com/aventstack/extentreports/5.0.5/extentreports-5.0.5.jar!/com/aventstack/extentreports/templates/spark/macros/recurse_nodes.ftl"
2022-01-11 10:36:33,593 DEBUG [main] cache:45 - "spark/macros/log.ftl"("en_IN", UTF-8, parsed) cached copy not yet stale; using cached.
2022-01-11 10:36:33,593 DEBUG [main] cache:45 - Couldn't find template in cache for "spark/macros/attr-common.ftl"("en_IN", UTF-8, parsed); will try to load it.
2022-01-11 10:36:33,594 DEBUG [main] cache:45 - TemplateLoader.findTemplateSource("spark/macros/attr-common_en_IN.ftl"): Not found
2022-01-11 10:36:33,594 DEBUG [main] cache:45 - TemplateLoader.findTemplateSource("spark/macros/attr-common_en.ftl"): Not found
2022-01-11 10:36:33,595 DEBUG [main] cache:45 - TemplateLoader.findTemplateSource("spark/macros/attr-common.ftl"): Found
2022-01-11 10:36:33,595 DEBUG [main] cache:45 - Loading template for "spark/macros/attr-common.ftl"("en_IN", UTF-8, parsed) from "jar:file:/C:/Users/Azarudeen/.m2/repository/com/aventstack/extentreports/5.0.5/extentreports-5.0.5.jar!/com/aventstack/extentreports/templates/spark/macros/attr-common.ftl"
2022-01-11 10:36:33,600 DEBUG [main] cache:45 - Couldn't find template in cache for "spark/partials/head.ftl"("en_IN", UTF-8, parsed); will try to load it.
2022-01-11 10:36:33,600 DEBUG [main] cache:45 - TemplateLoader.findTemplateSource("spark/partials/head_en_IN.ftl"): Not found
2022-01-11 10:36:33,601 DEBUG [main] cache:45 - TemplateLoader.findTemplateSource("spark/partials/head_en.ftl"): Not found
2022-01-11 10:36:33,601 DEBUG [main] cache:45 - TemplateLoader.findTemplateSource("spark/partials/head.ftl"): Found
2022-01-11 10:36:33,601 DEBUG [main] cache:45 - Loading template for "spark/partials/head.ftl"("en_IN", UTF-8, parsed) from "jar:file:/C:/Users/Azarudeen/.m2/repository/com/aventstack/extentreports/5.0.5/extentreports-5.0.5.jar!/com/aventstack/extentreports/templates/spark/partials/head.ftl"
2022-01-11 10:36:33,605 DEBUG [main] cache:45 - Couldn't find template in cache for "commons/commons-inject-css.ftl"("en_IN", UTF-8, parsed); will try to load it.
2022-01-11 10:36:33,605 DEBUG [main] cache:45 - TemplateLoader.findTemplateSource("commons/commons-inject-css_en_IN.ftl"): Not found
2022-01-11 10:36:33,606 DEBUG [main] cache:45 - TemplateLoader.findTemplateSource("commons/commons-inject-css_en.ftl"): Not found
2022-01-11 10:36:33,606 DEBUG [main] cache:45 - TemplateLoader.findTemplateSource("commons/commons-inject-css.ftl"): Found
2022-01-11 10:36:33,606 DEBUG [main] cache:45 - Loading template for "commons/commons-inject-css.ftl"("en_IN", UTF-8, parsed) from "jar:file:/C:/Users/Azarudeen/.m2/repository/com/aventstack/extentreports/5.0.5/extentreports-5.0.5.jar!/com/aventstack/extentreports/templates/commons/commons-inject-css.ftl"
2022-01-11 10:36:33,607 DEBUG [main] cache:45 - Couldn't find template in cache for "spark/partials/navbar.ftl"("en_IN", UTF-8, parsed); will try to load it.
2022-01-11 10:36:33,607 DEBUG [main] cache:45 - TemplateLoader.findTemplateSource("spark/partials/navbar_en_IN.ftl"): Not found
2022-01-11 10:36:33,608 DEBUG [main] cache:45 - TemplateLoader.findTemplateSource("spark/partials/navbar_en.ftl"): Not found
2022-01-11 10:36:33,608 DEBUG [main] cache:45 - TemplateLoader.findTemplateSource("spark/partials/navbar.ftl"): Found
2022-01-11 10:36:33,608 DEBUG [main] cache:45 - Loading template for "spark/partials/navbar.ftl"("en_IN", UTF-8, parsed) from "jar:file:/C:/Users/Azarudeen/.m2/repository/com/aventstack/extentreports/5.0.5/extentreports-5.0.5.jar!/com/aventstack/extentreports/templates/spark/partials/navbar.ftl"
2022-01-11 10:36:33,613 DEBUG [main] cache:45 - Couldn't find template in cache for "spark/partials/sidenav.ftl"("en_IN", UTF-8, parsed); will try to load it.
2022-01-11 10:36:33,613 DEBUG [main] cache:45 - TemplateLoader.findTemplateSource("spark/partials/sidenav_en_IN.ftl"): Not found
2022-01-11 10:36:33,614 DEBUG [main] cache:45 - TemplateLoader.findTemplateSource("spark/partials/sidenav_en.ftl"): Not found
2022-01-11 10:36:33,614 DEBUG [main] cache:45 - TemplateLoader.findTemplateSource("spark/partials/sidenav.ftl"): Found
2022-01-11 10:36:33,614 DEBUG [main] cache:45 - Loading template for "spark/partials/sidenav.ftl"("en_IN", UTF-8, parsed) from "jar:file:/C:/Users/Azarudeen/.m2/repository/com/aventstack/extentreports/5.0.5/extentreports-5.0.5.jar!/com/aventstack/extentreports/templates/spark/partials/sidenav.ftl"
2022-01-11 10:36:33,624 DEBUG [main] cache:45 - Couldn't find template in cache for "spark/partials/dashboard.ftl"("en_IN", UTF-8, parsed); will try to load it.
2022-01-11 10:36:33,625 DEBUG [main] cache:45 - TemplateLoader.findTemplateSource("spark/partials/dashboard_en_IN.ftl"): Not found
2022-01-11 10:36:33,625 DEBUG [main] cache:45 - TemplateLoader.findTemplateSource("spark/partials/dashboard_en.ftl"): Not found
2022-01-11 10:36:33,625 DEBUG [main] cache:45 - TemplateLoader.findTemplateSource("spark/partials/dashboard.ftl"): Found
2022-01-11 10:36:33,626 DEBUG [main] cache:45 - Loading template for "spark/partials/dashboard.ftl"("en_IN", UTF-8, parsed) from "jar:file:/C:/Users/Azarudeen/.m2/repository/com/aventstack/extentreports/5.0.5/extentreports-5.0.5.jar!/com/aventstack/extentreports/templates/spark/partials/dashboard.ftl"
2022-01-11 10:36:33,659 DEBUG [main] cache:45 - Couldn't find template in cache for "spark/partials/test.ftl"("en_IN", UTF-8, parsed); will try to load it.
2022-01-11 10:36:33,660 DEBUG [main] cache:45 - TemplateLoader.findTemplateSource("spark/partials/test_en_IN.ftl"): Not found
2022-01-11 10:36:33,660 DEBUG [main] cache:45 - TemplateLoader.findTemplateSource("spark/partials/test_en.ftl"): Not found
2022-01-11 10:36:33,660 DEBUG [main] cache:45 - TemplateLoader.findTemplateSource("spark/partials/test.ftl"): Found
2022-01-11 10:36:33,660 DEBUG [main] cache:45 - Loading template for "spark/partials/test.ftl"("en_IN", UTF-8, parsed) from "jar:file:/C:/Users/Azarudeen/.m2/repository/com/aventstack/extentreports/5.0.5/extentreports-5.0.5.jar!/com/aventstack/extentreports/templates/spark/partials/test.ftl"
2022-01-11 10:36:33,667 DEBUG [main] cache:45 - Couldn't find template in cache for "spark/partials/bdd-content.ftl"("en_IN", UTF-8, parsed); will try to load it.
2022-01-11 10:36:33,669 DEBUG [main] cache:45 - TemplateLoader.findTemplateSource("spark/partials/bdd-content_en_IN.ftl"): Not found
2022-01-11 10:36:33,670 DEBUG [main] cache:45 - TemplateLoader.findTemplateSource("spark/partials/bdd-content_en.ftl"): Not found
2022-01-11 10:36:33,671 DEBUG [main] cache:45 - TemplateLoader.findTemplateSource("spark/partials/bdd-content.ftl"): Found
2022-01-11 10:36:33,671 DEBUG [main] cache:45 - Loading template for "spark/partials/bdd-content.ftl"("en_IN", UTF-8, parsed) from "jar:file:/C:/Users/Azarudeen/.m2/repository/com/aventstack/extentreports/5.0.5/extentreports-5.0.5.jar!/com/aventstack/extentreports/templates/spark/partials/bdd-content.ftl"
2022-01-11 10:36:33,689 DEBUG [main] cache:45 - Couldn't find template in cache for "spark/partials/category.ftl"("en_IN", UTF-8, parsed); will try to load it.
2022-01-11 10:36:33,690 DEBUG [main] cache:45 - TemplateLoader.findTemplateSource("spark/partials/category_en_IN.ftl"): Not found
2022-01-11 10:36:33,691 DEBUG [main] cache:45 - TemplateLoader.findTemplateSource("spark/partials/category_en.ftl"): Not found
2022-01-11 10:36:33,691 DEBUG [main] cache:45 - TemplateLoader.findTemplateSource("spark/partials/category.ftl"): Found
2022-01-11 10:36:33,692 DEBUG [main] cache:45 - Loading template for "spark/partials/category.ftl"("en_IN", UTF-8, parsed) from "jar:file:/C:/Users/Azarudeen/.m2/repository/com/aventstack/extentreports/5.0.5/extentreports-5.0.5.jar!/com/aventstack/extentreports/templates/spark/partials/category.ftl"
2022-01-11 10:36:33,694 DEBUG [main] cache:45 - Couldn't find template in cache for "spark/partials/exception.ftl"("en_IN", UTF-8, parsed); will try to load it.
2022-01-11 10:36:33,695 DEBUG [main] cache:45 - TemplateLoader.findTemplateSource("spark/partials/exception_en_IN.ftl"): Not found
2022-01-11 10:36:33,695 DEBUG [main] cache:45 - TemplateLoader.findTemplateSource("spark/partials/exception_en.ftl"): Not found
2022-01-11 10:36:33,696 DEBUG [main] cache:45 - TemplateLoader.findTemplateSource("spark/partials/exception.ftl"): Found
2022-01-11 10:36:33,696 DEBUG [main] cache:45 - Loading template for "spark/partials/exception.ftl"("en_IN", UTF-8, parsed) from "jar:file:/C:/Users/Azarudeen/.m2/repository/com/aventstack/extentreports/5.0.5/extentreports-5.0.5.jar!/com/aventstack/extentreports/templates/spark/partials/exception.ftl"
2022-01-11 10:36:33,697 DEBUG [main] cache:45 - Couldn't find template in cache for "spark/partials/author.ftl"("en_IN", UTF-8, parsed); will try to load it.
2022-01-11 10:36:33,698 DEBUG [main] cache:45 - TemplateLoader.findTemplateSource("spark/partials/author_en_IN.ftl"): Not found
2022-01-11 10:36:33,699 DEBUG [main] cache:45 - TemplateLoader.findTemplateSource("spark/partials/author_en.ftl"): Not found
2022-01-11 10:36:33,699 DEBUG [main] cache:45 - TemplateLoader.findTemplateSource("spark/partials/author.ftl"): Found
2022-01-11 10:36:33,700 DEBUG [main] cache:45 - Loading template for "spark/partials/author.ftl"("en_IN", UTF-8, parsed) from "jar:file:/C:/Users/Azarudeen/.m2/repository/com/aventstack/extentreports/5.0.5/extentreports-5.0.5.jar!/com/aventstack/extentreports/templates/spark/partials/author.ftl"
2022-01-11 10:36:33,701 DEBUG [main] cache:45 - Couldn't find template in cache for "spark/partials/device.ftl"("en_IN", UTF-8, parsed); will try to load it.
2022-01-11 10:36:33,702 DEBUG [main] cache:45 - TemplateLoader.findTemplateSource("spark/partials/device_en_IN.ftl"): Not found
2022-01-11 10:36:33,703 DEBUG [main] cache:45 - TemplateLoader.findTemplateSource("spark/partials/device_en.ftl"): Not found
2022-01-11 10:36:33,704 DEBUG [main] cache:45 - TemplateLoader.findTemplateSource("spark/partials/device.ftl"): Found
2022-01-11 10:36:33,704 DEBUG [main] cache:45 - Loading template for "spark/partials/device.ftl"("en_IN", UTF-8, parsed) from "jar:file:/C:/Users/Azarudeen/.m2/repository/com/aventstack/extentreports/5.0.5/extentreports-5.0.5.jar!/com/aventstack/extentreports/templates/spark/partials/device.ftl"
2022-01-11 10:36:33,705 DEBUG [main] cache:45 - Couldn't find template in cache for "spark/partials/log.ftl"("en_IN", UTF-8, parsed); will try to load it.
2022-01-11 10:36:33,706 DEBUG [main] cache:45 - TemplateLoader.findTemplateSource("spark/partials/log_en_IN.ftl"): Not found
2022-01-11 10:36:33,707 DEBUG [main] cache:45 - TemplateLoader.findTemplateSource("spark/partials/log_en.ftl"): Not found
2022-01-11 10:36:33,707 DEBUG [main] cache:45 - TemplateLoader.findTemplateSource("spark/partials/log.ftl"): Found
2022-01-11 10:36:33,707 DEBUG [main] cache:45 - Loading template for "spark/partials/log.ftl"("en_IN", UTF-8, parsed) from "jar:file:/C:/Users/Azarudeen/.m2/repository/com/aventstack/extentreports/5.0.5/extentreports-5.0.5.jar!/com/aventstack/extentreports/templates/spark/partials/log.ftl"
2022-01-11 10:36:33,709 DEBUG [main] cache:45 - Couldn't find template in cache for "spark/partials/scripts.ftl"("en_IN", UTF-8, parsed); will try to load it.
2022-01-11 10:36:33,710 DEBUG [main] cache:45 - TemplateLoader.findTemplateSource("spark/partials/scripts_en_IN.ftl"): Not found
2022-01-11 10:36:33,710 DEBUG [main] cache:45 - TemplateLoader.findTemplateSource("spark/partials/scripts_en.ftl"): Not found
2022-01-11 10:36:33,711 DEBUG [main] cache:45 - TemplateLoader.findTemplateSource("spark/partials/scripts.ftl"): Found
2022-01-11 10:36:33,711 DEBUG [main] cache:45 - Loading template for "spark/partials/scripts.ftl"("en_IN", UTF-8, parsed) from "jar:file:/C:/Users/Azarudeen/.m2/repository/com/aventstack/extentreports/5.0.5/extentreports-5.0.5.jar!/com/aventstack/extentreports/templates/spark/partials/scripts.ftl"
2022-01-11 10:36:33,712 DEBUG [main] cache:45 - Couldn't find template in cache for "commons/commons-inject-js.ftl"("en_IN", UTF-8, parsed); will try to load it.
2022-01-11 10:36:33,713 DEBUG [main] cache:45 - TemplateLoader.findTemplateSource("commons/commons-inject-js_en_IN.ftl"): Not found
2022-01-11 10:36:33,714 DEBUG [main] cache:45 - TemplateLoader.findTemplateSource("commons/commons-inject-js_en.ftl"): Not found
2022-01-11 10:36:33,715 DEBUG [main] cache:45 - TemplateLoader.findTemplateSource("commons/commons-inject-js.ftl"): Found
2022-01-11 10:36:33,715 DEBUG [main] cache:45 - Loading template for "commons/commons-inject-js.ftl"("en_IN", UTF-8, parsed) from "jar:file:/C:/Users/Azarudeen/.m2/repository/com/aventstack/extentreports/5.0.5/extentreports-5.0.5.jar!/com/aventstack/extentreports/templates/commons/commons-inject-js.ftl"
